-------------------------------------------------------------------------------
Test set: com.njonecompany.web.TestWelcome
-------------------------------------------------------------------------------
Tests run: 1, Failures: 1, Errors: 0, Skipped: 0, Time elapsed: 1.007 s <<< FAILURE! - in com.njonecompany.web.TestWelcome
testWelcome  Time elapsed: 0.067 s  <<< FAILURE!
java.lang.AssertionError: Status expected:<200> but was:<404>
	at com.njonecompany.web.TestWelcome.testWelcome(TestWelcome.java:35)

